<?xml version="1.0" encoding="UTF-8"?>
<!-- Generated by org.testng.reporters.JUnitReportReporter -->
<testsuite hostname="IRSYADMA" failures="0" tests="1" name="com.juaracoding.restassured.Test02_2_PATCH" time="3.455" errors="0" timestamp="2022-02-04T11:49:43 ICT" skipped="0">
  <testcase classname="com.juaracoding.restassured.Test02_2_PATCH" name="test03_patch" time="3.455"/>
  <system-out/>
</testsuite> <!-- com.juaracoding.restassured.Test02_2_PATCH -->
