<?xml version="1.0" encoding="UTF-8"?>
<!-- Generated by org.testng.reporters.JUnitReportReporter -->
<testsuite hostname="IRSYADMA" failures="0" tests="1" name="com.juaracoding.restassured.Test03_PUT" time="4.597" errors="0" timestamp="2022-02-04T12:00:32 ICT" skipped="0">
  <testcase classname="com.juaracoding.restassured.Test03_PUT" name="test02_put" time="4.597"/>
  <system-out/>
</testsuite> <!-- com.juaracoding.restassured.Test03_PUT -->
