<?xml version="1.0" encoding="UTF-8"?>
<!-- Generated by org.testng.reporters.JUnitReportReporter -->
<testsuite hostname="IRSYADMA" failures="0" tests="1" name="com.juaracoding.restassured.Test06_DELETE" time="3.090" errors="0" timestamp="2022-02-04T12:42:02 ICT" skipped="0">
  <testcase classname="com.juaracoding.restassured.Test06_DELETE" name="test04_delete" time="3.090"/>
  <system-out/>
</testsuite> <!-- com.juaracoding.restassured.Test06_DELETE -->
