<?xml version="1.0" encoding="UTF-8"?>
<!-- Generated by org.testng.reporters.JUnitReportReporter -->
<testsuite hostname="IRSYADMA" failures="0" tests="5" name="com.juaracoding.restassured.MainTest_CRUD" time="46.802" errors="0" timestamp="2022-02-04T23:28:59 ICT" skipped="0">
  <testcase classname="com.juaracoding.restassured.MainTest_CRUD" name="test01_post" time="3.167"/>
  <system-out/>
  <testcase classname="com.juaracoding.restassured.MainTest_CRUD" name="test02_get" time="10.540"/>
  <system-out/>
  <testcase classname="com.juaracoding.restassured.MainTest_CRUD" name="test03_patch" time="7.686"/>
  <system-out/>
  <testcase classname="com.juaracoding.restassured.MainTest_CRUD" name="test04_put" time="8.835"/>
  <system-out/>
  <testcase classname="com.juaracoding.restassured.MainTest_CRUD" name="test04_delete" time="16.574"/>
  <system-out/>
</testsuite> <!-- com.juaracoding.restassured.MainTest_CRUD -->
