<?xml version="1.0" encoding="UTF-8"?>
<!-- Generated by org.testng.reporters.JUnitReportReporter -->
<testsuite hostname="IRSYADMA" failures="0" tests="2" name="com.juaracoding.restassured.Test01_GET" time="6.036" errors="0" timestamp="2022-02-04T10:46:35 ICT" skipped="0">
  <testcase classname="com.juaracoding.restassured.Test01_GET" name="test_01" time="3.558"/>
  <system-out/>
  <testcase classname="com.juaracoding.restassured.Test01_GET" name="test_02" time="2.478"/>
  <system-out/>
</testsuite> <!-- com.juaracoding.restassured.Test01_GET -->
